<?xml version="1.0" encoding="UTF-8"?>
<!-- Generated by org.testng.reporters.JUnitReportReporter -->
<testsuite hostname="DESKTOP-6GUIH8S" failures="0" tests="2" name="test.TestsExample" time="2.210" errors="0" timestamp="2023-08-26T21:09:10 IST" skipped="0">
  <testcase classname="test.TestsExample" name="test_1" time="1.499"/>
  <testcase classname="test.TestsExample" name="test_2" time="0.711"/>
</testsuite> <!-- test.TestsExample -->
