<?xml version="1.0" encoding="UTF-8"?>
<!-- Generated by org.testng.reporters.JUnitReportReporter -->
<testsuite hostname="DESKTOP-6GUIH8S" failures="0" tests="2" name="test.GetAndPostExamples" time="2.593" errors="0" timestamp="2023-08-26T21:47:04 IST" skipped="0">
  <testcase classname="test.GetAndPostExamples" name="testPost" time="0.435"/>
  <testcase classname="test.GetAndPostExamples" name="testGet" time="2.158"/>
</testsuite> <!-- test.GetAndPostExamples -->
